<?xml version="1.0" encoding="UTF-8"?>
<testsuite xmlns:xsi="http://www.w3.org/2001/XMLSchema-instance" xsi:noNamespaceSchemaLocation="https://maven.apache.org/surefire/maven-surefire-plugin/xsd/surefire-test-report.xsd" name="MapperTest" time="3.606" tests="1" errors="0" skipped="0" failures="0">
  <properties>
    <property name="sun.desktop" value="windows"/>
    <property name="awt.toolkit" value="sun.awt.windows.WToolkit"/>
    <property name="file.encoding.pkg" value="sun.io"/>
    <property name="java.specification.version" value="1.8"/>
    <property name="sun.cpu.isalist" value="amd64"/>
    <property name="sun.jnu.encoding" value="GBK"/>
    <property name="java.class.path" value="D:\D\IdeaProjects\SSM_project\target\test-classes;D:\D\IdeaProjects\SSM_project\target\classes;G:\D\eclipseconfig\maven\apache-maven-3.5.0-bin\MavenRepository\org\springframework\spring-webmvc\5.0.6.RELEASE\spring-webmvc-5.0.6.RELEASE.jar;G:\D\eclipseconfig\maven\apache-maven-3.5.0-bin\MavenRepository\org\springframework\spring-aop\5.0.6.RELEASE\spring-aop-5.0.6.RELEASE.jar;G:\D\eclipseconfig\maven\apache-maven-3.5.0-bin\MavenRepository\org\springframework\spring-beans\5.0.6.RELEASE\spring-beans-5.0.6.RELEASE.jar;G:\D\eclipseconfig\maven\apache-maven-3.5.0-bin\MavenRepository\org\springframework\spring-context\5.0.6.RELEASE\spring-context-5.0.6.RELEASE.jar;G:\D\eclipseconfig\maven\apache-maven-3.5.0-bin\MavenRepository\org\springframework\spring-core\5.0.6.RELEASE\spring-core-5.0.6.RELEASE.jar;G:\D\eclipseconfig\maven\apache-maven-3.5.0-bin\MavenRepository\org\springframework\spring-jcl\5.0.6.RELEASE\spring-jcl-5.0.6.RELEASE.jar;G:\D\eclipseconfig\maven\apache-maven-3.5.0-bin\MavenRepository\org\springframework\spring-expression\5.0.6.RELEASE\spring-expression-5.0.6.RELEASE.jar;G:\D\eclipseconfig\maven\apache-maven-3.5.0-bin\MavenRepository\org\springframework\spring-web\5.0.6.RELEASE\spring-web-5.0.6.RELEASE.jar;G:\D\eclipseconfig\maven\apache-maven-3.5.0-bin\MavenRepository\org\springframework\spring-jdbc\5.0.6.RELEASE\spring-jdbc-5.0.6.RELEASE.jar;G:\D\eclipseconfig\maven\apache-maven-3.5.0-bin\MavenRepository\org\springframework\spring-tx\5.0.6.RELEASE\spring-tx-5.0.6.RELEASE.jar;G:\D\eclipseconfig\maven\apache-maven-3.5.0-bin\MavenRepository\org\springframework\spring-aspects\5.0.6.RELEASE\spring-aspects-5.0.6.RELEASE.jar;G:\D\eclipseconfig\maven\apache-maven-3.5.0-bin\MavenRepository\org\aspectj\aspectjweaver\1.8.13\aspectjweaver-1.8.13.jar;G:\D\eclipseconfig\maven\apache-maven-3.5.0-bin\MavenRepository\org\mybatis\mybatis\3.4.2\mybatis-3.4.2.jar;G:\D\eclipseconfig\maven\apache-maven-3.5.0-bin\MavenRepository\org\mybatis\mybatis-spring\1.3.2\mybatis-spring-1.3.2.jar;G:\D\eclipseconfig\maven\apache-maven-3.5.0-bin\MavenRepository\c3p0\c3p0\0.9.1\c3p0-0.9.1.jar;G:\D\eclipseconfig\maven\apache-maven-3.5.0-bin\MavenRepository\mysql\mysql-connector-java\5.1.41\mysql-connector-java-5.1.41.jar;G:\D\eclipseconfig\maven\apache-maven-3.5.0-bin\MavenRepository\jstl\jstl\1.2\jstl-1.2.jar;G:\D\eclipseconfig\maven\apache-maven-3.5.0-bin\MavenRepository\javax\servlet\servlet-api\2.5\servlet-api-2.5.jar;G:\D\eclipseconfig\maven\apache-maven-3.5.0-bin\MavenRepository\org\mybatis\generator\mybatis-generator-core\1.3.5\mybatis-generator-core-1.3.5.jar;G:\D\eclipseconfig\maven\apache-maven-3.5.0-bin\MavenRepository\org\junit\jupiter\junit-jupiter-api\5.4.0\junit-jupiter-api-5.4.0.jar;G:\D\eclipseconfig\maven\apache-maven-3.5.0-bin\MavenRepository\org\apiguardian\apiguardian-api\1.0.0\apiguardian-api-1.0.0.jar;G:\D\eclipseconfig\maven\apache-maven-3.5.0-bin\MavenRepository\org\opentest4j\opentest4j\1.1.1\opentest4j-1.1.1.jar;G:\D\eclipseconfig\maven\apache-maven-3.5.0-bin\MavenRepository\org\junit\platform\junit-platform-commons\1.4.0\junit-platform-commons-1.4.0.jar;G:\D\eclipseconfig\maven\apache-maven-3.5.0-bin\MavenRepository\org\springframework\spring-test\5.0.2.RELEASE\spring-test-5.0.2.RELEASE.jar;G:\D\eclipseconfig\maven\apache-maven-3.5.0-bin\MavenRepository\junit\junit\4.12\junit-4.12.jar;G:\D\eclipseconfig\maven\apache-maven-3.5.0-bin\MavenRepository\org\hamcrest\hamcrest-core\1.3\hamcrest-core-1.3.jar;"/>
    <property name="java.vm.vendor" value="Oracle Corporation"/>
    <property name="sun.arch.data.model" value="64"/>
    <property name="user.variant" value=""/>
    <property name="java.vendor.url" value="http://java.oracle.com/"/>
    <property name="user.timezone" value="Asia/Shanghai"/>
    <property name="java.vm.specification.version" value="1.8"/>
    <property name="os.name" value="Windows 10"/>
    <property name="user.country" value="CN"/>
    <property name="sun.java.launcher" value="SUN_STANDARD"/>
    <property name="sun.boot.library.path" value="G:\D\JDK\jdk1.8.0_144\jre\bin"/>
    <property name="sun.java.command" value="C:\Users\mask\AppData\Local\Temp\surefire565191563105254925\surefirebooter6950892992278629712.jar C:\Users\mask\AppData\Local\Temp\surefire565191563105254925 2019-02-16T02-42-41_911-jvmRun1 surefire465448955957759551tmp surefire_05101375746075694629tmp"/>
    <property name="surefire.test.class.path" value="D:\D\IdeaProjects\SSM_project\target\test-classes;D:\D\IdeaProjects\SSM_project\target\classes;G:\D\eclipseconfig\maven\apache-maven-3.5.0-bin\MavenRepository\org\springframework\spring-webmvc\5.0.6.RELEASE\spring-webmvc-5.0.6.RELEASE.jar;G:\D\eclipseconfig\maven\apache-maven-3.5.0-bin\MavenRepository\org\springframework\spring-aop\5.0.6.RELEASE\spring-aop-5.0.6.RELEASE.jar;G:\D\eclipseconfig\maven\apache-maven-3.5.0-bin\MavenRepository\org\springframework\spring-beans\5.0.6.RELEASE\spring-beans-5.0.6.RELEASE.jar;G:\D\eclipseconfig\maven\apache-maven-3.5.0-bin\MavenRepository\org\springframework\spring-context\5.0.6.RELEASE\spring-context-5.0.6.RELEASE.jar;G:\D\eclipseconfig\maven\apache-maven-3.5.0-bin\MavenRepository\org\springframework\spring-core\5.0.6.RELEASE\spring-core-5.0.6.RELEASE.jar;G:\D\eclipseconfig\maven\apache-maven-3.5.0-bin\MavenRepository\org\springframework\spring-jcl\5.0.6.RELEASE\spring-jcl-5.0.6.RELEASE.jar;G:\D\eclipseconfig\maven\apache-maven-3.5.0-bin\MavenRepository\org\springframework\spring-expression\5.0.6.RELEASE\spring-expression-5.0.6.RELEASE.jar;G:\D\eclipseconfig\maven\apache-maven-3.5.0-bin\MavenRepository\org\springframework\spring-web\5.0.6.RELEASE\spring-web-5.0.6.RELEASE.jar;G:\D\eclipseconfig\maven\apache-maven-3.5.0-bin\MavenRepository\org\springframework\spring-jdbc\5.0.6.RELEASE\spring-jdbc-5.0.6.RELEASE.jar;G:\D\eclipseconfig\maven\apache-maven-3.5.0-bin\MavenRepository\org\springframework\spring-tx\5.0.6.RELEASE\spring-tx-5.0.6.RELEASE.jar;G:\D\eclipseconfig\maven\apache-maven-3.5.0-bin\MavenRepository\org\springframework\spring-aspects\5.0.6.RELEASE\spring-aspects-5.0.6.RELEASE.jar;G:\D\eclipseconfig\maven\apache-maven-3.5.0-bin\MavenRepository\org\aspectj\aspectjweaver\1.8.13\aspectjweaver-1.8.13.jar;G:\D\eclipseconfig\maven\apache-maven-3.5.0-bin\MavenRepository\org\mybatis\mybatis\3.4.2\mybatis-3.4.2.jar;G:\D\eclipseconfig\maven\apache-maven-3.5.0-bin\MavenRepository\org\mybatis\mybatis-spring\1.3.2\mybatis-spring-1.3.2.jar;G:\D\eclipseconfig\maven\apache-maven-3.5.0-bin\MavenRepository\c3p0\c3p0\0.9.1\c3p0-0.9.1.jar;G:\D\eclipseconfig\maven\apache-maven-3.5.0-bin\MavenRepository\mysql\mysql-connector-java\5.1.41\mysql-connector-java-5.1.41.jar;G:\D\eclipseconfig\maven\apache-maven-3.5.0-bin\MavenRepository\jstl\jstl\1.2\jstl-1.2.jar;G:\D\eclipseconfig\maven\apache-maven-3.5.0-bin\MavenRepository\javax\servlet\servlet-api\2.5\servlet-api-2.5.jar;G:\D\eclipseconfig\maven\apache-maven-3.5.0-bin\MavenRepository\org\mybatis\generator\mybatis-generator-core\1.3.5\mybatis-generator-core-1.3.5.jar;G:\D\eclipseconfig\maven\apache-maven-3.5.0-bin\MavenRepository\org\junit\jupiter\junit-jupiter-api\5.4.0\junit-jupiter-api-5.4.0.jar;G:\D\eclipseconfig\maven\apache-maven-3.5.0-bin\MavenRepository\org\apiguardian\apiguardian-api\1.0.0\apiguardian-api-1.0.0.jar;G:\D\eclipseconfig\maven\apache-maven-3.5.0-bin\MavenRepository\org\opentest4j\opentest4j\1.1.1\opentest4j-1.1.1.jar;G:\D\eclipseconfig\maven\apache-maven-3.5.0-bin\MavenRepository\org\junit\platform\junit-platform-commons\1.4.0\junit-platform-commons-1.4.0.jar;G:\D\eclipseconfig\maven\apache-maven-3.5.0-bin\MavenRepository\org\springframework\spring-test\5.0.2.RELEASE\spring-test-5.0.2.RELEASE.jar;G:\D\eclipseconfig\maven\apache-maven-3.5.0-bin\MavenRepository\junit\junit\4.12\junit-4.12.jar;G:\D\eclipseconfig\maven\apache-maven-3.5.0-bin\MavenRepository\org\hamcrest\hamcrest-core\1.3\hamcrest-core-1.3.jar;"/>
    <property name="sun.cpu.endian" value="little"/>
    <property name="user.home" value="C:\Users\mask"/>
    <property name="user.language" value="zh"/>
    <property name="java.specification.vendor" value="Oracle Corporation"/>
    <property name="java.home" value="G:\D\JDK\jdk1.8.0_144\jre"/>
    <property name="basedir" value="D:\D\IdeaProjects\SSM_project"/>
    <property name="file.separator" value="\"/>
    <property name="line.separator" value="&#10;"/>
    <property name="java.vm.specification.vendor" value="Oracle Corporation"/>
    <property name="java.specification.name" value="Java Platform API Specification"/>
    <property name="java.awt.graphicsenv" value="sun.awt.Win32GraphicsEnvironment"/>
    <property name="surefire.real.class.path" value="C:\Users\mask\AppData\Local\Temp\surefire565191563105254925\surefirebooter6950892992278629712.jar"/>
    <property name="sun.boot.class.path" value="G:\D\JDK\jdk1.8.0_144\jre\lib\resources.jar;G:\D\JDK\jdk1.8.0_144\jre\lib\rt.jar;G:\D\JDK\jdk1.8.0_144\jre\lib\sunrsasign.jar;G:\D\JDK\jdk1.8.0_144\jre\lib\jsse.jar;G:\D\JDK\jdk1.8.0_144\jre\lib\jce.jar;G:\D\JDK\jdk1.8.0_144\jre\lib\charsets.jar;G:\D\JDK\jdk1.8.0_144\jre\lib\jfr.jar;G:\D\JDK\jdk1.8.0_144\jre\classes"/>
    <property name="user.script" value=""/>
    <property name="sun.management.compiler" value="HotSpot 64-Bit Tiered Compilers"/>
    <property name="java.runtime.version" value="1.8.0_144-b01"/>
    <property name="user.name" value="mask"/>
    <property name="path.separator" value=";"/>
    <property name="os.version" value="10.0"/>
    <property name="java.endorsed.dirs" value="G:\D\JDK\jdk1.8.0_144\jre\lib\endorsed"/>
    <property name="java.runtime.name" value="Java(TM) SE Runtime Environment"/>
    <property name="file.encoding" value="GBK"/>
    <property name="java.vm.name" value="Java HotSpot(TM) 64-Bit Server VM"/>
    <property name="localRepository" value="G:\D\eclipseconfig\maven\apache-maven-3.5.0-bin\MavenRepository"/>
    <property name="java.vendor.url.bug" value="http://bugreport.sun.com/bugreport/"/>
    <property name="java.io.tmpdir" value="C:\Users\mask\AppData\Local\Temp\"/>
    <property name="idea.version" value="2018.2.2"/>
    <property name="java.version" value="1.8.0_144"/>
    <property name="user.dir" value="D:\D\IdeaProjects\SSM_project"/>
    <property name="os.arch" value="amd64"/>
    <property name="java.vm.specification.name" value="Java Virtual Machine Specification"/>
    <property name="java.awt.printerjob" value="sun.awt.windows.WPrinterJob"/>
    <property name="sun.os.patch.level" value=""/>
    <property name="java.library.path" value="G:\D\JDK\jdk1.8.0_144\jre\bin;C:\WINDOWS\Sun\Java\bin;C:\WINDOWS\system32;C:\WINDOWS;C:\Windows\system32;C:\Windows;C:\Windows\System32\Wbem;C:\Windows\System32\WindowsPowerShell\v1.0\;C:\Windows\System32\OpenSSH\;C:\Program Files (x86)\NVIDIA Corporation\PhysX\Common;G:\D\Mysql55\bin;G:\D\JDK\jdk1.8.0_144\bin;G:\D\eclipseconfig\maven\apache-maven-3.5.0-bin\apache-maven-3.5.0\bin;G:\D\SVN\bin;G:\D\Node\;G:\D\Node\node_global;G:\D\Git\cmd;C:\WINDOWS\system32;C:\WINDOWS;C:\WINDOWS\System32\Wbem;C:\WINDOWS\System32\WindowsPowerShell\v1.0\;C:\WINDOWS\System32\OpenSSH\;C:\Users\mask\AppData\Local\Microsoft\WindowsApps;G:\D\Bandzip\;C:\Users\mask\AppData\Roaming\npm;G:\D\Microsoft VS Code\bin;;."/>
    <property name="java.vm.info" value="mixed mode"/>
    <property name="java.vendor" value="Oracle Corporation"/>
    <property name="java.vm.version" value="25.144-b01"/>
    <property name="java.ext.dirs" value="G:\D\JDK\jdk1.8.0_144\jre\lib\ext;C:\WINDOWS\Sun\Java\lib\ext"/>
    <property name="sun.io.unicode.encoding" value="UnicodeLittle"/>
    <property name="java.class.version" value="52.0"/>
  </properties>
  <testcase name="test_CRUD" classname="MapperTest" time="0.008"/>
</testsuite>